{"/home/sofya/Desktop/frontend-project-lvl2/src/gendiff.js": {"path":"/home/sofya/Desktop/frontend-project-lvl2/src/gendiff.js","statementMap":{"0":{"start":{"line":1,"column":0},"end":{"line":1,"column":23}},"1":{"start":{"line":2,"column":0},"end":{"line":2,"column":20}},"2":{"start":{"line":3,"column":0},"end":{"line":3,"column":36}},"3":{"start":{"line":4,"column":0},"end":{"line":4,"column":31}},"4":{"start":{"line":5,"column":0},"end":{"line":5,"column":0}},"5":{"start":{"line":6,"column":0},"end":{"line":6,"column":50}},"6":{"start":{"line":7,"column":0},"end":{"line":7,"column":38}},"7":{"start":{"line":8,"column":0},"end":{"line":8,"column":0}},"8":{"start":{"line":9,"column":0},"end":{"line":9,"column":0}},"9":{"start":{"line":10,"column":0},"end":{"line":10,"column":44}},"10":{"start":{"line":11,"column":0},"end":{"line":11,"column":81}},"11":{"start":{"line":12,"column":0},"end":{"line":12,"column":82}},"12":{"start":{"line":13,"column":0},"end":{"line":13,"column":41}},"13":{"start":{"line":14,"column":0},"end":{"line":14,"column":43}},"14":{"start":{"line":15,"column":0},"end":{"line":15,"column":0}},"15":{"start":{"line":16,"column":0},"end":{"line":16,"column":43}},"16":{"start":{"line":17,"column":0},"end":{"line":17,"column":51}},"17":{"start":{"line":18,"column":0},"end":{"line":18,"column":51}},"18":{"start":{"line":19,"column":0},"end":{"line":19,"column":26}},"19":{"start":{"line":20,"column":0},"end":{"line":20,"column":0}},"20":{"start":{"line":21,"column":0},"end":{"line":21,"column":88}},"21":{"start":{"line":22,"column":0},"end":{"line":22,"column":88}},"22":{"start":{"line":23,"column":0},"end":{"line":23,"column":90}},"23":{"start":{"line":24,"column":0},"end":{"line":24,"column":0}},"24":{"start":{"line":25,"column":0},"end":{"line":25,"column":22}},"25":{"start":{"line":26,"column":0},"end":{"line":26,"column":44}},"26":{"start":{"line":27,"column":0},"end":{"line":27,"column":40}},"27":{"start":{"line":28,"column":0},"end":{"line":28,"column":46}},"28":{"start":{"line":29,"column":0},"end":{"line":29,"column":7}},"29":{"start":{"line":30,"column":0},"end":{"line":30,"column":5}},"30":{"start":{"line":31,"column":0},"end":{"line":31,"column":18}},"31":{"start":{"line":32,"column":0},"end":{"line":32,"column":4}},"32":{"start":{"line":33,"column":0},"end":{"line":33,"column":0}},"33":{"start":{"line":34,"column":0},"end":{"line":34,"column":54}},"34":{"start":{"line":35,"column":0},"end":{"line":35,"column":2}},"35":{"start":{"line":36,"column":0},"end":{"line":36,"column":0}},"36":{"start":{"line":37,"column":0},"end":{"line":37,"column":0}},"37":{"start":{"line":38,"column":0},"end":{"line":38,"column":0}},"38":{"start":{"line":39,"column":0},"end":{"line":39,"column":33}},"39":{"start":{"line":40,"column":0},"end":{"line":40,"column":39}},"40":{"start":{"line":41,"column":0},"end":{"line":41,"column":22}},"41":{"start":{"line":42,"column":0},"end":{"line":42,"column":16}},"42":{"start":{"line":43,"column":0},"end":{"line":43,"column":5}},"43":{"start":{"line":44,"column":0},"end":{"line":44,"column":22}},"44":{"start":{"line":45,"column":0},"end":{"line":45,"column":15}},"45":{"start":{"line":46,"column":0},"end":{"line":46,"column":5}},"46":{"start":{"line":47,"column":0},"end":{"line":47,"column":13}},"47":{"start":{"line":48,"column":0},"end":{"line":48,"column":4}},"48":{"start":{"line":49,"column":0},"end":{"line":49,"column":0}},"49":{"start":{"line":50,"column":0},"end":{"line":50,"column":40}},"50":{"start":{"line":51,"column":0},"end":{"line":51,"column":22}},"51":{"start":{"line":52,"column":0},"end":{"line":52,"column":15}},"52":{"start":{"line":53,"column":0},"end":{"line":53,"column":5}},"53":{"start":{"line":54,"column":0},"end":{"line":54,"column":22}},"54":{"start":{"line":55,"column":0},"end":{"line":55,"column":16}},"55":{"start":{"line":56,"column":0},"end":{"line":56,"column":5}},"56":{"start":{"line":57,"column":0},"end":{"line":57,"column":13}},"57":{"start":{"line":58,"column":0},"end":{"line":58,"column":4}},"58":{"start":{"line":59,"column":0},"end":{"line":59,"column":2}},"59":{"start":{"line":60,"column":0},"end":{"line":60,"column":72}},"60":{"start":{"line":61,"column":0},"end":{"line":61,"column":0}},"61":{"start":{"line":62,"column":0},"end":{"line":62,"column":73}},"62":{"start":{"line":63,"column":0},"end":{"line":63,"column":2}},"63":{"start":{"line":64,"column":0},"end":{"line":64,"column":0}},"64":{"start":{"line":65,"column":0},"end":{"line":65,"column":24}}},"s":{"0":1,"1":1,"2":1,"3":1,"4":1,"5":1,"6":1,"7":1,"8":1,"9":1,"10":1,"11":1,"12":1,"13":1,"14":1,"15":1,"16":1,"17":1,"18":1,"19":1,"20":1,"21":1,"22":1,"23":1,"24":1,"25":1,"26":3,"27":6,"28":6,"29":3,"30":1,"31":1,"32":1,"33":1,"34":1,"35":1,"36":1,"37":1,"38":1,"39":1,"40":10,"41":4,"42":4,"43":10,"44":5,"45":5,"46":1,"47":1,"48":1,"49":1,"50":5,"51":2,"52":2,"53":5,"54":0,"55":0,"56":3,"57":3,"58":1,"59":1,"60":1,"61":1,"62":1,"63":1,"64":1},"branchMap":{"0":{"type":"branch","line":65,"loc":{"start":{"line":65,"column":24},"end":{"line":65,"column":24}},"locations":[{"start":{"line":65,"column":24},"end":{"line":65,"column":24}}]},"1":{"type":"branch","line":10,"loc":{"start":{"line":10,"column":17},"end":{"line":10,"column":6}},"locations":[{"start":{"line":10,"column":17},"end":{"line":10,"column":6}}]},"2":{"type":"branch","line":16,"loc":{"start":{"line":16,"column":20},"end":{"line":32,"column":4}},"locations":[{"start":{"line":16,"column":20},"end":{"line":32,"column":4}}]},"3":{"type":"branch","line":26,"loc":{"start":{"line":26,"column":43},"end":{"line":30,"column":5}},"locations":[{"start":{"line":26,"column":43},"end":{"line":30,"column":5}}]},"4":{"type":"branch","line":27,"loc":{"start":{"line":27,"column":39},"end":{"line":29,"column":7}},"locations":[{"start":{"line":27,"column":39},"end":{"line":29,"column":7}}]},"5":{"type":"branch","line":39,"loc":{"start":{"line":39,"column":22},"end":{"line":39,"column":6}},"locations":[{"start":{"line":39,"column":22},"end":{"line":39,"column":6}}]},"6":{"type":"branch","line":40,"loc":{"start":{"line":40,"column":28},"end":{"line":48,"column":4}},"locations":[{"start":{"line":40,"column":28},"end":{"line":48,"column":4}}]},"7":{"type":"branch","line":41,"loc":{"start":{"line":41,"column":21},"end":{"line":43,"column":5}},"locations":[{"start":{"line":41,"column":21},"end":{"line":43,"column":5}}]},"8":{"type":"branch","line":43,"loc":{"start":{"line":43,"column":5},"end":{"line":44,"column":8}},"locations":[{"start":{"line":43,"column":5},"end":{"line":44,"column":8}}]},"9":{"type":"branch","line":44,"loc":{"start":{"line":44,"column":21},"end":{"line":46,"column":5}},"locations":[{"start":{"line":44,"column":21},"end":{"line":46,"column":5}}]},"10":{"type":"branch","line":46,"loc":{"start":{"line":46,"column":5},"end":{"line":48,"column":4}},"locations":[{"start":{"line":46,"column":5},"end":{"line":48,"column":4}}]},"11":{"type":"branch","line":50,"loc":{"start":{"line":50,"column":29},"end":{"line":58,"column":4}},"locations":[{"start":{"line":50,"column":29},"end":{"line":58,"column":4}}]},"12":{"type":"branch","line":51,"loc":{"start":{"line":51,"column":21},"end":{"line":53,"column":5}},"locations":[{"start":{"line":51,"column":21},"end":{"line":53,"column":5}}]},"13":{"type":"branch","line":53,"loc":{"start":{"line":53,"column":5},"end":{"line":54,"column":8}},"locations":[{"start":{"line":53,"column":5},"end":{"line":54,"column":8}}]},"14":{"type":"branch","line":54,"loc":{"start":{"line":54,"column":21},"end":{"line":56,"column":5}},"locations":[{"start":{"line":54,"column":21},"end":{"line":56,"column":5}}]},"15":{"type":"branch","line":56,"loc":{"start":{"line":56,"column":5},"end":{"line":58,"column":4}},"locations":[{"start":{"line":56,"column":5},"end":{"line":58,"column":4}}]},"16":{"type":"branch","line":62,"loc":{"start":{"line":62,"column":26},"end":{"line":62,"column":57}},"locations":[{"start":{"line":62,"column":26},"end":{"line":62,"column":57}}]}},"b":{"0":[1],"1":[1],"2":[1],"3":[3],"4":[6],"5":[1],"6":[10],"7":[4],"8":[6],"9":[5],"10":[1],"11":[5],"12":[2],"13":[3],"14":[0],"15":[3],"16":[6]},"fnMap":{"0":{"name":"findDiff","decl":{"start":{"line":10,"column":17},"end":{"line":10,"column":6}},"loc":{"start":{"line":10,"column":17},"end":{"line":10,"column":6}},"line":10},"1":{"name":"comparing","decl":{"start":{"line":16,"column":20},"end":{"line":32,"column":4}},"loc":{"start":{"line":16,"column":20},"end":{"line":32,"column":4}},"line":16},"2":{"name":"customOutput","decl":{"start":{"line":39,"column":22},"end":{"line":39,"column":6}},"loc":{"start":{"line":39,"column":22},"end":{"line":39,"column":6}},"line":39},"3":{"name":"alphabetSortByKey","decl":{"start":{"line":40,"column":28},"end":{"line":48,"column":4}},"loc":{"start":{"line":40,"column":28},"end":{"line":48,"column":4}},"line":40},"4":{"name":"alphabetSortBySign","decl":{"start":{"line":50,"column":29},"end":{"line":58,"column":4}},"loc":{"start":{"line":50,"column":29},"end":{"line":58,"column":4}},"line":50}},"f":{"0":1,"1":1,"2":1,"3":10,"4":5}}
}
