TN:
SF:src/gendiff.js
FN:10,findDiff
FN:16,comparing
FN:39,customOutput
FN:40,alphabetSortByKey
FN:50,alphabetSortBySign
FNF:5
FNH:5
FNDA:1,findDiff
FNDA:1,comparing
FNDA:1,customOutput
FNDA:10,alphabetSortByKey
FNDA:5,alphabetSortBySign
DA:1,1
DA:2,1
DA:3,1
DA:4,1
DA:5,1
DA:6,1
DA:7,1
DA:8,1
DA:9,1
DA:10,1
DA:11,1
DA:12,1
DA:13,1
DA:14,1
DA:15,1
DA:16,1
DA:17,1
DA:18,1
DA:19,1
DA:20,1
DA:21,1
DA:22,1
DA:23,1
DA:24,1
DA:25,1
DA:26,1
DA:27,3
DA:28,6
DA:29,6
DA:30,3
DA:31,1
DA:32,1
DA:33,1
DA:34,1
DA:35,1
DA:36,1
DA:37,1
DA:38,1
DA:39,1
DA:40,1
DA:41,10
DA:42,4
DA:43,4
DA:44,10
DA:45,5
DA:46,5
DA:47,1
DA:48,1
DA:49,1
DA:50,1
DA:51,5
DA:52,2
DA:53,2
DA:54,5
DA:55,0
DA:56,0
DA:57,3
DA:58,3
DA:59,1
DA:60,1
DA:61,1
DA:62,1
DA:63,1
DA:64,1
DA:65,1
LF:65
LH:63
BRDA:65,0,0,1
BRDA:10,1,0,1
BRDA:16,2,0,1
BRDA:26,3,0,3
BRDA:27,4,0,6
BRDA:39,5,0,1
BRDA:40,6,0,10
BRDA:41,7,0,4
BRDA:43,8,0,6
BRDA:44,9,0,5
BRDA:46,10,0,1
BRDA:50,11,0,5
BRDA:51,12,0,2
BRDA:53,13,0,3
BRDA:54,14,0,0
BRDA:56,15,0,3
BRDA:62,16,0,6
BRF:17
BRH:16
end_of_record
